<?xml version="1.0" encoding="UTF-8"?>
<testng-results ignored="0" total="1" passed="1" failed="0" skipped="0">
  <reporter-output>
  </reporter-output>
  <suite started-at="2025-05-06T22:24:42 IST" name="Default suite" finished-at="2025-05-06T22:24:52 IST" duration-ms="10034">
    <groups>
    </groups>
    <test started-at="2025-05-06T22:24:42 IST" name="Default test" finished-at="2025-05-06T22:24:52 IST" duration-ms="10034">
      <class name="tests.HomeTest">
        <test-method is-config="true" signature="setup()[pri:0, instance:tests.HomeTest@44c03695]" started-at="2025-05-06T22:24:42 IST" name="setup" finished-at="2025-05-06T22:24:47 IST" duration-ms="5177" status="PASS">
          <reporter-output>
          </reporter-output>
        </test-method> <!-- setup -->
        <test-method signature="amountSortingTest()[pri:0, instance:tests.HomeTest@44c03695]" started-at="2025-05-06T22:24:47 IST" name="amountSortingTest" finished-at="2025-05-06T22:24:51 IST" duration-ms="4518" status="PASS">
          <reporter-output>
          </reporter-output>
        </test-method> <!-- amountSortingTest -->
        <test-method is-config="true" signature="tearDown()[pri:0, instance:tests.HomeTest@44c03695]" started-at="2025-05-06T22:24:51 IST" name="tearDown" finished-at="2025-05-06T22:24:52 IST" duration-ms="267" status="PASS">
          <reporter-output>
          </reporter-output>
        </test-method> <!-- tearDown -->
      </class> <!-- tests.HomeTest -->
    </test> <!-- Default test -->
  </suite> <!-- Default suite -->
</testng-results>
